2019-01-16 00:06:59 INFO  Demo:23 - Drivers installed...
2019-01-16 00:06:59 INFO  Demo:25 - Connection established
2019-01-16 00:06:59 ERROR Demo:37 - Exception occured...java.sql.SQLException: Parameter number 1 is not an OUT parameter
2019-01-16 00:07:46 INFO  Demo:23 - Drivers installed...
2019-01-16 00:07:47 INFO  Demo:25 - Connection established
2019-01-16 00:07:47 ERROR Demo:37 - Exception occured...java.sql.SQLException: Parameter number 1 is not an OUT parameter
2019-01-16 00:40:45 INFO  Demo:23 - Drivers installed...
2019-01-16 00:40:46 INFO  Demo:25 - Connection established
2019-01-16 00:40:46 ERROR Demo:38 - Exception occured...java.sql.SQLException: Parameter number 1 is not an OUT parameter
2019-01-16 00:42:00 INFO  Demo:23 - Drivers installed...
2019-01-16 00:42:00 INFO  Demo:25 - Connection established
2019-01-16 00:42:00 ERROR Demo:38 - Exception occured...com.mysql.jdbc.exceptions.jdbc4.MySQLSyntaxErrorException: You have an error in your SQL syntax; check the manual that corresponds to your MySQL server version for the right syntax to use near '()' at line 1
2019-01-16 00:42:19 INFO  Demo:23 - Drivers installed...
2019-01-16 00:42:19 INFO  Demo:25 - Connection established
2019-01-16 00:42:19 INFO  Demo:36 - avereage of two employees...0.0
2019-01-16 01:04:21 INFO  Demo:23 - Drivers installed...
2019-01-16 01:28:36 INFO  Demo:28 - Drivers installed...
2019-01-16 01:29:01 INFO  Demo:28 - Drivers installed...
2019-01-16 01:29:09 INFO  Demo:28 - Drivers installed...
2019-01-16 01:29:09 ERROR Demo:44 - Exception occured...com.mysql.jdbc.exceptions.jdbc4.MySQLSyntaxErrorException: You have an error in your SQL syntax; check the manual that corresponds to your MySQL server version for the right syntax to use near '?,?)' at line 1
2019-01-16 01:30:07 INFO  Demo:28 - Drivers installed...
2019-01-16 01:30:07 ERROR Demo:44 - Exception occured...com.mysql.jdbc.exceptions.jdbc4.MySQLSyntaxErrorException: You have an error in your SQL syntax; check the manual that corresponds to your MySQL server version for the right syntax to use near '?,?)' at line 1
2019-01-16 01:33:15 INFO  Demo:28 - Drivers installed...
2019-01-16 01:33:16 ERROR Demo:44 - Exception occured...com.mysql.jdbc.exceptions.jdbc4.MySQLSyntaxErrorException: You have an error in your SQL syntax; check the manual that corresponds to your MySQL server version for the right syntax to use near '?,?)' at line 1
2019-01-16 01:33:33 INFO  Demo:28 - Drivers installed...
2019-01-16 01:33:33 ERROR Demo:44 - Exception occured...com.mysql.jdbc.exceptions.jdbc4.MySQLSyntaxErrorException: You have an error in your SQL syntax; check the manual that corresponds to your MySQL server version for the right syntax to use near '?,?)' at line 1
2019-01-16 01:33:44 INFO  Demo:28 - Drivers installed...
2019-01-16 01:33:45 ERROR Demo:44 - Exception occured...com.mysql.jdbc.exceptions.jdbc4.MySQLSyntaxErrorException: You have an error in your SQL syntax; check the manual that corresponds to your MySQL server version for the right syntax to use near '?,?)' at line 1
2019-01-16 01:34:09 INFO  Demo:28 - Drivers installed...
2019-01-16 01:34:09 ERROR Demo:44 - Exception occured...com.mysql.jdbc.exceptions.jdbc4.MySQLSyntaxErrorException: You have an error in your SQL syntax; check the manual that corresponds to your MySQL server version for the right syntax to use near '?,?)' at line 1
2019-01-16 01:34:19 INFO  Demo:28 - Drivers installed...
2019-01-16 01:34:19 ERROR Demo:44 - Exception occured...com.mysql.jdbc.exceptions.jdbc4.MySQLSyntaxErrorException: You have an error in your SQL syntax; check the manual that corresponds to your MySQL server version for the right syntax to use near '?,?)' at line 1
2019-01-16 01:38:43 INFO  Demo:28 - Drivers installed...
2019-01-16 01:39:18 INFO  Demo:22 - Drivers installed...
2019-01-16 10:26:12 INFO  Demo:22 - Drivers installed...
2019-01-16 11:24:51 INFO  Demo:21 - inside main method..
2019-01-16 11:24:51 INFO  MyDataSourceObject:22 - this is from getMySQLDataSource() 
2019-01-16 11:24:51 INFO  MyDataSourceObject:26 - loading properties file form path /Users/muhammedyounus/Documents/workspace/JDBCSample/src/main/resources/db.properties
2019-01-16 11:25:43 INFO  Demo:21 - inside main method..
2019-01-16 11:25:43 INFO  MyDataSourceObject:22 - this is from getMySQLDataSource() 
2019-01-16 11:25:43 INFO  MyDataSourceObject:26 - loading properties file form path /Users/muhammedyounus/Documents/workspace/JDBCSample/src/main/resources/db.properties
2019-01-16 11:25:44 INFO  Demo:34 - Prabhas	Prabhas	Prabhas	Prabhas	
2019-01-16 11:26:02 INFO  Demo:21 - inside main method..
2019-01-16 11:26:02 INFO  MyDataSourceObject:22 - this is from getMySQLDataSource() 
2019-01-16 11:26:02 INFO  MyDataSourceObject:26 - loading properties file form path /Users/muhammedyounus/Documents/workspace/JDBCSample/src/main/resources/db.properties
2019-01-16 11:26:02 INFO  Demo:34 - Prabhas	1024	1200	null	
2019-01-16 11:26:16 INFO  Demo:21 - inside main method..
2019-01-16 11:26:16 INFO  MyDataSourceObject:22 - this is from getMySQLDataSource() 
2019-01-16 11:26:16 INFO  MyDataSourceObject:26 - loading properties file form path /Users/muhammedyounus/Documents/workspace/JDBCSample/src/main/resources/db.properties
2019-01-16 11:26:17 INFO  Demo:34 - Prabhas	1024	1200	
2019-01-16 11:26:53 INFO  Demo:21 - inside main method..
2019-01-16 11:26:53 INFO  MyDataSourceObject:22 - this is from getMySQLDataSource() 
2019-01-16 11:26:53 INFO  MyDataSourceObject:26 - loading properties file form path /Users/muhammedyounus/Documents/workspace/JDBCSample/src/main/resources/db.properties
2019-01-16 11:26:54 INFO  Demo:33 - Prabhas	1024	1200	
